
                            < M A T L A B (R) >
                  Copyright 1984-2016 The MathWorks, Inc.
                   R2016b (9.1.0.441655) 64-bit (maci64)
                             September 7, 2016

 
To get started, type one of these: helpwin, helpdesk, or demo.
For product information, visit www.mathworks.com.
 
Resetting path to factory state.
Adding "ToolboxToolbox" to path at "/Users/nicolas/Documents/MATLAB/ToolboxToolbox".
Locating project "IBIOColorDetect" within "/Users/nicolas/Documents/MATLAB/projects".
  Found at "/Users/nicolas/Documents/MATLAB/projects/IBIOColorDetect".
Updating "ToolboxRegistry".
Already up-to-date.
Updating "IBIOColorDetect".
Already up-to-date.
Updating "signal".
Updating "stats".
Updating "images".
Updating "optim".
Updating "robotics".
Updating "distcomp".
Updating "isetbio".
Already up-to-date.
Updating "UnitTestToolbox".
Already up-to-date.
Updating "RemoteDataToolbox".
Already up-to-date.
Found "jsonlab_v1.2" and skipping update.
Found "Palamedes_1.8.2" and skipping update.
Adding "ToolboxToolbox" to path at "/Users/nicolas/Documents/MATLAB/ToolboxToolbox".
Adding "IBIOColorDetect" to path at "/Users/nicolas/Documents/MATLAB/projects/IBIOColorDetect/toolbox".
Adding "IBIOColorDetect" to path at "/Users/nicolas/Documents/MATLAB/projects/IBIOColorDetect/tutorials".
Adding "IBIOColorDetect" to path at "/Users/nicolas/Documents/MATLAB/projects/IBIOColorDetect/compute".
Adding "IBIOColorDetect" to path at "/Users/nicolas/Documents/MATLAB/projects/IBIOColorDetect/validations".
Adding "signal" to path at "/Applications/MATLAB_R2016b.app/toolbox/signal".
Adding "stats" to path at "/Applications/MATLAB_R2016b.app/toolbox/stats".
Adding "images" to path at "/Applications/MATLAB_R2016b.app/toolbox/images".
Adding "optim" to path at "/Applications/MATLAB_R2016b.app/toolbox/optim".
Adding "robotics" to path at "/Applications/MATLAB_R2016b.app/toolbox/robotics".
Adding "distcomp" to path at "/Applications/MATLAB_R2016b.app/toolbox/distcomp".
Adding "isetbio" to path at "/Users/nicolas/Documents/MATLAB/toolboxes/isetbio".
Adding "UnitTestToolbox" to path at "/Users/nicolas/Documents/MATLAB/toolboxes/UnitTestToolbox".
Adding "RemoteDataToolbox" to path at "/Users/nicolas/Documents/MATLAB/toolboxes/RemoteDataToolbox".
Adding "jsonlab_v1.2" to path at "/Users/nicolas/Documents/MATLAB/toolboxes/jsonlab_v1.2".
Adding "Palamedes_1.8.2" to path at "/Users/nicolas/Documents/MATLAB/toolboxes/Palamedes_1.8.2".
Checking for "IBIOColorDetect" local hook.
  Running local hook "/Users/nicolas/Documents/MATLAB/localHookFolder/IBIOColorDetectLocalHook.m".
  Hook success with status 0.
Checking for "signal" local hook.
Checking for "stats" local hook.
Checking for "images" local hook.
Checking for "optim" local hook.
Checking for "robotics" local hook.
Checking for "distcomp" local hook.
Checking for "isetbio" local hook.
  Running local hook "/Users/nicolas/Documents/MATLAB/localHookFolder/isetbioLocalHook.m".
  Hook success with status 0.
Checking for "UnitTestToolbox" local hook.
Checking for "RemoteDataToolbox" local hook.
Checking for "jsonlab_v1.2" local hook.
Checking for "Palamedes_1.8.2" local hook.
Looks good: 12 resolved toolboxes deployed OK.
Computing/visualizing responses for 2.00 c/deg, 200 cd/m2 with 'frozen0' emPaths.
Loading a previously saved cone mosaic
<strong> 12 workers, system RAM = 128.0GBytes </strong> 
<strong> 1024 trials partitioned in 12 blocks, each with 85 trials (last has 89 trials) </strong>
<strong> RAM used : 2.6 GBytes (per worker), total: 31.3 GBytes </strong> 

<strong> Computing the null stimulus response ... </strong> 
Starting parallel pool (parpool) using the 'local' profile ... connected to 12 workers.
<strong> Response instance array computation (85 instances) took 81.639 minutes. </strong> 
<strong> Response instance array computation (85 instances) took 81.638 minutes. </strong> 
<strong> Response instance array computation (85 instances) took 81.778 minutes. </strong> 
<strong> Response instance array computation (85 instances) took 81.811 minutes. </strong> 
<strong> Response instance array computation (85 instances) took 81.881 minutes. </strong> 
<strong> Response instance array computation (85 instances) took 81.907 minutes. </strong> 
<strong> Response instance array computation (85 instances) took 81.931 minutes. </strong> 
<strong> Response instance array computation (85 instances) took 81.943 minutes. </strong> 
<strong> Response instance array computation (85 instances) took 81.969 minutes. </strong> 
<strong> Response instance array computation (85 instances) took 82.034 minutes. </strong> 
<strong> Response instance array computation (85 instances) took 82.108 minutes. </strong> 
<strong> Response instance array computation (89 instances) took 83.137 minutes. </strong> 
Importing data from 12 blocks to build up the responseInstanceArray.
Done with building up the responseInstanceArray
<strong> Finished null response computation in 99.5 minutes. </strong>
<strong> Computing responses for condition 1/12 ...  </strong> 
<strong> Response instance array computation (85 instances) took 81.886 minutes. </strong> 
<strong> Response instance array computation (85 instances) took 82.015 minutes. </strong> 
<strong> Response instance array computation (85 instances) took 82.148 minutes. </strong> 
<strong> Response instance array computation (85 instances) took 82.144 minutes. </strong> 
<strong> Response instance array computation (85 instances) took 82.146 minutes. </strong> 
<strong> Response instance array computation (85 instances) took 82.182 minutes. </strong> 
<strong> Response instance array computation (85 instances) took 82.184 minutes. </strong> 
<strong> Response instance array computation (85 instances) took 82.175 minutes. </strong> 
<strong> Response instance array computation (85 instances) took 82.184 minutes. </strong> 
<strong> Response instance array computation (85 instances) took 82.190 minutes. </strong> 
<strong> Response instance array computation (85 instances) took 82.289 minutes. </strong> 
<strong> Response instance array computation (89 instances) took 83.276 minutes. </strong> 
Importing data from 12 blocks to build up the responseInstanceArray.
Done with building up the responseInstanceArray
<strong> Computing responses for condition 2/12 ...  </strong> 
<strong> Response instance array computation (85 instances) took 81.634 minutes. </strong> 
<strong> Response instance array computation (85 instances) took 81.735 minutes. </strong> 
<strong> Response instance array computation (85 instances) took 81.829 minutes. </strong> 
<strong> Response instance array computation (85 instances) took 81.842 minutes. </strong> 
<strong> Response instance array computation (85 instances) took 81.975 minutes. </strong> 
<strong> Response instance array computation (85 instances) took 82.043 minutes. </strong> 
<strong> Response instance array computation (85 instances) took 82.033 minutes. </strong> 
<strong> Response instance array computation (85 instances) took 82.033 minutes. </strong> 
<strong> Response instance array computation (85 instances) took 82.036 minutes. </strong> 
<strong> Response instance array computation (85 instances) took 82.070 minutes. </strong> 
<strong> Response instance array computation (85 instances) took 82.199 minutes. </strong> 
<strong> Response instance array computation (89 instances) took 83.358 minutes. </strong> 
Importing data from 12 blocks to build up the responseInstanceArray.
Done with building up the responseInstanceArray
<strong> Computing responses for condition 3/12 ...  </strong> 
<strong> Response instance array computation (85 instances) took 81.847 minutes. </strong> 
<strong> Response instance array computation (85 instances) took 81.854 minutes. </strong> 
<strong> Response instance array computation (85 instances) took 81.965 minutes. </strong> 
<strong> Response instance array computation (85 instances) took 82.021 minutes. </strong> 
<strong> Response instance array computation (85 instances) took 82.139 minutes. </strong> 
<strong> Response instance array computation (85 instances) took 82.142 minutes. </strong> 
<strong> Response instance array computation (85 instances) took 82.128 minutes. </strong> 
<strong> Response instance array computation (85 instances) took 82.156 minutes. </strong> 
<strong> Response instance array computation (85 instances) took 82.144 minutes. </strong> 
<strong> Response instance array computation (85 instances) took 82.165 minutes. </strong> 
<strong> Response instance array computation (85 instances) took 82.264 minutes. </strong> 
<strong> Response instance array computation (89 instances) took 83.328 minutes. </strong> 
Importing data from 12 blocks to build up the responseInstanceArray.
Done with building up the responseInstanceArray
<strong> Computing responses for condition 4/12 ...  </strong> 
<strong> Response instance array computation (85 instances) took 81.726 minutes. </strong> 
<strong> Response instance array computation (85 instances) took 81.751 minutes. </strong> 
<strong> Response instance array computation (85 instances) took 81.772 minutes. </strong> 
<strong> Response instance array computation (85 instances) took 81.839 minutes. </strong> 
<strong> Response instance array computation (85 instances) took 81.989 minutes. </strong> 
<strong> Response instance array computation (85 instances) took 82.009 minutes. </strong> 
<strong> Response instance array computation (85 instances) took 82.038 minutes. </strong> 
<strong> Response instance array computation (85 instances) took 82.039 minutes. </strong> 
<strong> Response instance array computation (85 instances) took 82.065 minutes. </strong> 
<strong> Response instance array computation (85 instances) took 82.137 minutes. </strong> 
<strong> Response instance array computation (85 instances) took 82.188 minutes. </strong> 
<strong> Response instance array computation (89 instances) took 83.260 minutes. </strong> 
Importing data from 12 blocks to build up the responseInstanceArray.
Done with building up the responseInstanceArray
<strong> Computing responses for condition 5/12 ...  </strong> 
<strong> Response instance array computation (85 instances) took 81.487 minutes. </strong> 
<strong> Response instance array computation (85 instances) took 81.714 minutes. </strong> 
<strong> Response instance array computation (85 instances) took 81.770 minutes. </strong> 
<strong> Response instance array computation (85 instances) took 81.833 minutes. </strong> 
<strong> Response instance array computation (85 instances) took 81.922 minutes. </strong> 
<strong> Response instance array computation (85 instances) took 81.995 minutes. </strong> 
<strong> Response instance array computation (85 instances) took 82.014 minutes. </strong> 
<strong> Response instance array computation (85 instances) took 82.031 minutes. </strong> 
<strong> Response instance array computation (85 instances) took 82.080 minutes. </strong> 
<strong> Response instance array computation (85 instances) took 82.153 minutes. </strong> 
<strong> Response instance array computation (85 instances) took 82.183 minutes. </strong> 
<strong> Response instance array computation (89 instances) took 83.227 minutes. </strong> 
Importing data from 12 blocks to build up the responseInstanceArray.
Done with building up the responseInstanceArray
<strong> Computing responses for condition 6/12 ...  </strong> 
<strong> Response instance array computation (85 instances) took 82.102 minutes. </strong> 
<strong> Response instance array computation (85 instances) took 82.238 minutes. </strong> 
<strong> Response instance array computation (85 instances) took 82.273 minutes. </strong> 
<strong> Response instance array computation (85 instances) took 82.292 minutes. </strong> 
<strong> Response instance array computation (85 instances) took 82.298 minutes. </strong> 
<strong> Response instance array computation (85 instances) took 82.320 minutes. </strong> 
<strong> Response instance array computation (85 instances) took 82.352 minutes. </strong> 
<strong> Response instance array computation (85 instances) took 82.344 minutes. </strong> 
<strong> Response instance array computation (85 instances) took 82.361 minutes. </strong> 
<strong> Response instance array computation (85 instances) took 82.476 minutes. </strong> 
<strong> Response instance array computation (85 instances) took 82.504 minutes. </strong> 
<strong> Response instance array computation (89 instances) took 83.506 minutes. </strong> 
Importing data from 12 blocks to build up the responseInstanceArray.
Done with building up the responseInstanceArray
<strong> Computing responses for condition 7/12 ...  </strong> 
<strong> Response instance array computation (85 instances) took 82.174 minutes. </strong> 
<strong> Response instance array computation (85 instances) took 82.199 minutes. </strong> 
<strong> Response instance array computation (85 instances) took 82.419 minutes. </strong> 
<strong> Response instance array computation (85 instances) took 82.423 minutes. </strong> 
<strong> Response instance array computation (85 instances) took 82.541 minutes. </strong> 
<strong> Response instance array computation (85 instances) took 82.537 minutes. </strong> 
<strong> Response instance array computation (85 instances) took 82.535 minutes. </strong> 
<strong> Response instance array computation (85 instances) took 82.558 minutes. </strong> 
<strong> Response instance array computation (85 instances) took 82.690 minutes. </strong> 
<strong> Response instance array computation (85 instances) took 82.718 minutes. </strong> 
<strong> Response instance array computation (85 instances) took 82.733 minutes. </strong> 
<strong> Response instance array computation (89 instances) took 83.659 minutes. </strong> 
Importing data from 12 blocks to build up the responseInstanceArray.
Done with building up the responseInstanceArray
<strong> Computing responses for condition 8/12 ...  </strong> 
<strong> Response instance array computation (85 instances) took 82.656 minutes. </strong> 
<strong> Response instance array computation (85 instances) took 82.700 minutes. </strong> 
<strong> Response instance array computation (85 instances) took 82.731 minutes. </strong> 
<strong> Response instance array computation (85 instances) took 82.864 minutes. </strong> 
<strong> Response instance array computation (85 instances) took 82.907 minutes. </strong> 
<strong> Response instance array computation (85 instances) took 82.962 minutes. </strong> 
<strong> Response instance array computation (85 instances) took 82.955 minutes. </strong> 
<strong> Response instance array computation (85 instances) took 82.986 minutes. </strong> 
<strong> Response instance array computation (85 instances) took 83.013 minutes. </strong> 
<strong> Response instance array computation (85 instances) took 83.082 minutes. </strong> 
<strong> Response instance array computation (85 instances) took 83.126 minutes. </strong> 
<strong> Response instance array computation (89 instances) took 84.159 minutes. </strong> 
Importing data from 12 blocks to build up the responseInstanceArray.
Done with building up the responseInstanceArray
<strong> Computing responses for condition 9/12 ...  </strong> 
<strong> Response instance array computation (85 instances) took 82.833 minutes. </strong> 
<strong> Response instance array computation (85 instances) took 82.893 minutes. </strong> 
<strong> Response instance array computation (85 instances) took 82.929 minutes. </strong> 
<strong> Response instance array computation (85 instances) took 82.976 minutes. </strong> 
<strong> Response instance array computation (85 instances) took 83.079 minutes. </strong> 
<strong> Response instance array computation (85 instances) took 83.125 minutes. </strong> 
<strong> Response instance array computation (85 instances) took 83.133 minutes. </strong> 
<strong> Response instance array computation (85 instances) took 83.125 minutes. </strong> 
<strong> Response instance array computation (85 instances) took 83.148 minutes. </strong> 
<strong> Response instance array computation (85 instances) took 83.184 minutes. </strong> 
<strong> Response instance array computation (85 instances) took 83.270 minutes. </strong> 
<strong> Response instance array computation (89 instances) took 84.320 minutes. </strong> 
Importing data from 12 blocks to build up the responseInstanceArray.
Done with building up the responseInstanceArray
<strong> Computing responses for condition 10/12 ...  </strong> 
<strong> Response instance array computation (85 instances) took 81.804 minutes. </strong> 
<strong> Response instance array computation (85 instances) took 81.899 minutes. </strong> 
<strong> Response instance array computation (85 instances) took 81.926 minutes. </strong> 
<strong> Response instance array computation (85 instances) took 82.112 minutes. </strong> 
<strong> Response instance array computation (85 instances) took 82.182 minutes. </strong> 
<strong> Response instance array computation (85 instances) took 82.205 minutes. </strong> 
<strong> Response instance array computation (85 instances) took 82.242 minutes. </strong> 
<strong> Response instance array computation (85 instances) took 82.326 minutes. </strong> 
<strong> Response instance array computation (85 instances) took 82.383 minutes. </strong> 
<strong> Response instance array computation (85 instances) took 82.408 minutes. </strong> 
<strong> Response instance array computation (85 instances) took 82.419 minutes. </strong> 
<strong> Response instance array computation (89 instances) took 83.383 minutes. </strong> 
Importing data from 12 blocks to build up the responseInstanceArray.
Done with building up the responseInstanceArray
<strong> Computing responses for condition 11/12 ...  </strong> 
<strong> Response instance array computation (85 instances) took 81.696 minutes. </strong> 
<strong> Response instance array computation (85 instances) took 81.898 minutes. </strong> 
<strong> Response instance array computation (85 instances) took 81.938 minutes. </strong> 
<strong> Response instance array computation (85 instances) took 82.023 minutes. </strong> 
<strong> Response instance array computation (85 instances) took 82.074 minutes. </strong> 
<strong> Response instance array computation (85 instances) took 82.134 minutes. </strong> 
<strong> Response instance array computation (85 instances) took 82.141 minutes. </strong> 
<strong> Response instance array computation (85 instances) took 82.147 minutes. </strong> 
<strong> Response instance array computation (85 instances) took 82.166 minutes. </strong> 
<strong> Response instance array computation (85 instances) took 82.225 minutes. </strong> 
<strong> Response instance array computation (85 instances) took 82.292 minutes. </strong> 
<strong> Response instance array computation (89 instances) took 83.382 minutes. </strong> 
Importing data from 12 blocks to build up the responseInstanceArray.
Done with building up the responseInstanceArray
<strong> Computing responses for condition 12/12 ...  </strong> 
<strong> Response instance array computation (85 instances) took 81.678 minutes. </strong> 
<strong> Response instance array computation (85 instances) took 81.743 minutes. </strong> 
<strong> Response instance array computation (85 instances) took 81.876 minutes. </strong> 
<strong> Response instance array computation (85 instances) took 82.058 minutes. </strong> 
<strong> Response instance array computation (85 instances) took 82.063 minutes. </strong> 
<strong> Response instance array computation (85 instances) took 82.078 minutes. </strong> 
<strong> Response instance array computation (85 instances) took 82.083 minutes. </strong> 
<strong> Response instance array computation (85 instances) took 82.102 minutes. </strong> 
<strong> Response instance array computation (85 instances) took 82.095 minutes. </strong> 
<strong> Response instance array computation (85 instances) took 82.143 minutes. </strong> 
<strong> Response instance array computation (85 instances) took 82.238 minutes. </strong> 
<strong> Response instance array computation (89 instances) took 83.333 minutes. </strong> 
Importing data from 12 blocks to build up the responseInstanceArray.
Done with building up the responseInstanceArray
<strong> Finished response computation for all conditions in 21.5 hours. </strong>
Computation of isomerization & photocurrent responses was completed in 1288.521557 minutes. 
BATCH JOB: Completed in 21.48 hours. 
